[02:56:01] [ServerMain/INFO]: Environment: Environment[accountsHost=https://api.mojang.com, sessionHost=https://sessionserver.mojang.com, servicesHost=https://api.minecraftservices.com, name=PROD]
[02:56:04] [ServerMain/INFO]: Loaded 1180 recipes
[02:56:04] [ServerMain/INFO]: Loaded 1271 advancements
[02:56:04] [Server thread/INFO]: Starting minecraft server version 1.20.2
[02:56:04] [Server thread/INFO]: Loading properties
[02:56:04] [Server thread/INFO]: This server is running Paper version git-Paper-318 (MC: 1.20.2) (Implementing API version 1.20.2-R0.1-SNAPSHOT) (Git: 9271ee7)
[02:56:05] [Server thread/INFO]: Server Ping Player Sample Count: 12
[02:56:05] [Server thread/INFO]: Using 4 threads for Netty based IO
[02:56:05] [Server thread/WARN]: [!] The timings profiler has been enabled but has been scheduled for removal from Paper in the future.
    We recommend installing the spark profiler as a replacement: https://spark.lucko.me/
    For more information please visit: https://github.com/PaperMC/Paper/issues/8948
[02:56:05] [Server thread/INFO]: [ChunkTaskScheduler] Chunk system is using 1 I/O threads, 1 worker threads, and gen parallelism of 1 threads
[02:56:05] [Server thread/INFO]: Default game type: SURVIVAL
[02:56:05] [Server thread/INFO]: Generating keypair
[02:56:06] [Server thread/INFO]: Starting Minecraft server on *:25565
[02:56:06] [Server thread/INFO]: Using epoll channel type
[02:56:06] [Server thread/INFO]: Paper: Using libdeflate (Linux x86_64) compression from Velocity.
[02:56:06] [Server thread/INFO]: Paper: Using OpenSSL 3.0.x (Linux x86_64) cipher from Velocity.
[02:56:06] [Server thread/INFO]: [ViaVersion] Loading server plugin ViaVersion v5.6.0
[02:56:06] [Server thread/INFO]: [ViaVersion] ViaVersion 5.6.0 is now loaded. Registering protocol transformers and injecting...
[02:56:07] [Via-Mappingloader-1/INFO]: [ViaVersion] Loading block connection mappings ...
[02:56:07] [Via-Mappingloader-1/INFO]: [ViaVersion] Using FastUtil Long2ObjectOpenHashMap for block connections
[02:56:07] [Server thread/INFO]: [ViaBackwards] Loading translations...
[02:56:07] [Server thread/INFO]: [ViaBackwards] Registering protocols...
[02:56:08] [Server thread/INFO]: [floodgate] Loading server plugin floodgate v2.2.5-SNAPSHOT (b121-55a85ec)
[02:56:08] [Server thread/WARN]: [floodgate] en_ is not a supported Floodgate language.
[02:56:08] [Server thread/INFO]: [floodgate] Took 373ms to boot Floodgate
[02:56:08] [Server thread/INFO]: [ViaBackwards] Loading server plugin ViaBackwards v5.6.0
[02:56:08] [Server thread/INFO]: [Geyser-Spigot] Loading server plugin Geyser-Spigot v2.9.2-SNAPSHOT
[02:56:08] [Server thread/INFO]: [Geyser-Spigot] Loading extensions...
[02:56:08] [Server thread/INFO]: [Geyser-Spigot] Loaded 0 extension(s)
[02:56:08] [Server thread/INFO]: [TabTPS] Loading server plugin TabTPS v1.3.28
[02:56:08] [Server thread/INFO]: Server permissions file permissions.yml is empty, ignoring it
[02:56:08] [Server thread/WARN]: **** SERVER IS RUNNING IN OFFLINE/INSECURE MODE!
[02:56:08] [Server thread/WARN]: The server will make no attempt to authenticate usernames. Beware.
[02:56:08] [Server thread/WARN]: While this makes the game possible to play without internet access, it also opens up the ability for hackers to connect with any username they choose.
[02:56:08] [Server thread/WARN]: To change this, set "online-mode" to "true" in the server.properties file.
[02:56:08] [Server thread/INFO]: Preparing level "world"
[02:56:09] [Server thread/INFO]: Preparing start region for dimension minecraft:overworld
[02:56:09] [Server thread/INFO]: Time elapsed: 242 ms
[02:56:09] [Server thread/INFO]: Preparing start region for dimension minecraft:the_nether
[02:56:09] [Server thread/INFO]: Time elapsed: 86 ms
[02:56:09] [Server thread/INFO]: Preparing start region for dimension minecraft:the_end
[02:56:09] [Server thread/INFO]: Time elapsed: 92 ms
[02:56:09] [Server thread/INFO]: [ViaVersion] Enabling ViaVersion v5.6.0
[02:56:10] [Server thread/INFO]: [ViaVersion] ViaVersion detected server version: 1.20.2 (764)
[02:56:10] [Server thread/INFO]: [floodgate] Enabling floodgate v2.2.5-SNAPSHOT (b121-55a85ec)
[02:56:10] [Server thread/INFO]: [ViaBackwards] Enabling ViaBackwards v5.6.0
[02:56:10] [Server thread/INFO]: [Geyser-Spigot] Enabling Geyser-Spigot v2.9.2-SNAPSHOT
[02:56:12] [Server thread/INFO]: [TabTPS] Enabling TabTPS v1.3.28
[02:56:13] [Server thread/INFO]: [Geyser-Spigot] ******************************************
[02:56:13] [Server thread/INFO]: [Geyser-Spigot] 
[02:56:13] [Server thread/INFO]: [Geyser-Spigot] Loading Geyser version 2.9.2-b1004 (git-master-e4c1140)
[02:56:13] [Server thread/INFO]: [Geyser-Spigot] 
[02:56:13] [Server thread/INFO]: [Geyser-Spigot] ******************************************
[02:56:18] [GeyserServer-3-1/INFO]: [Geyser-Spigot] Started Geyser on UDP port 27479
[02:56:18] [Server thread/INFO]: [Geyser-Spigot] Done (4.919s)! Run /geyser help for help!
[02:56:18] [Server thread/INFO]: Running delayed init tasks
[02:56:18] [Server thread/INFO]: Done (13.972s)! For help, type "help"
[02:56:18] [Craft Scheduler Thread - 2 - ViaVersion/INFO]: [ViaVersion] Finished mapping loading, shutting down loader executor.
[02:56:18] [Server thread/INFO]: Timings Reset
[02:56:18] [Craft Scheduler Thread - 0 - TabTPS/INFO]: [TabTPS] There is an update available for TabTPS!
[02:56:18] [Craft Scheduler Thread - 0 - TabTPS/INFO]: [TabTPS] This server is running version v1.3.28, which is 2 versions outdated.
[02:56:18] [Craft Scheduler Thread - 0 - TabTPS/INFO]: [TabTPS] Download the latest version, v1.3.30 from GitHub at the link below:
[02:56:18] [Craft Scheduler Thread - 0 - TabTPS/INFO]: [TabTPS] https://github.com/jpenilla/TabTPS/releases/tag/v1.3.30
